<?xml version="1.0" encoding="UTF-8"?>
<!-- Generated by org.testng.reporters.JUnitReportReporter -->
<testsuite hostname="JYOTI797" failures="0" tests="2" name="com.hrm.tests.Loginpagetest" time="42.066" errors="0" timestamp="2023-09-13T17:54:39 IST" skipped="0">
  <testcase classname="com.hrm.tests.Loginpagetest" name="useraddtest" time="37.886"/>
  <testcase classname="com.hrm.tests.Loginpagetest" name="appopen" time="4.180"/>
</testsuite> <!-- com.hrm.tests.Loginpagetest -->
