<?xml version="1.0" encoding="UTF-8"?>
<!-- Generated by org.testng.reporters.JUnitReportReporter -->
<testsuite hostname="JYOTI797" failures="0" tests="1" name="com.hrm.tests.Startapplication" time="31.310" errors="0" timestamp="21 Aug 2023 12:00:22 GMT" skipped="0">
  <testcase classname="com.hrm.tests.Startapplication" name="appopen" time="31.310"/>
</testsuite> <!-- com.hrm.tests.Startapplication -->
