<?xml version="1.0" encoding="UTF-8"?>
<!-- Generated by org.testng.reporters.JUnitReportReporter -->
<testsuite hostname="JYOTI797" failures="0" tests="2" name="com.hrm.tests.Loginpagetest" time="41.239" errors="0" timestamp="2023-09-02T00:12:10 IST" skipped="0">
  <testcase classname="com.hrm.tests.Loginpagetest" name="appopen" time="4.740"/>
  <testcase classname="com.hrm.tests.Loginpagetest" name="useraddtest" time="36.499"/>
</testsuite> <!-- com.hrm.tests.Loginpagetest -->
