<?xml version="1.0" encoding="UTF-8"?>
<!-- Generated by org.testng.reporters.JUnitReportReporter -->
<testsuite hostname="JYOTI797" failures="0" tests="4" name="com.hrm.tests.Testtestng" time="0.016" errors="0" timestamp="2023-08-27T15:46:57 IST" skipped="0">
  <testcase classname="com.hrm.tests.Testtestng" name="sumi" time="0.000"/>
  <testcase classname="com.hrm.tests.Testtestng" name="jyoti" time="0.016"/>
  <testcase classname="com.hrm.tests.Testtestng" name="rahun" time="0.000"/>
  <testcase classname="com.hrm.tests.Testtestng" name="jhyam" time="0.000"/>
</testsuite> <!-- com.hrm.tests.Testtestng -->
