<?xml version="1.0" encoding="UTF-8"?>
<!-- Generated by org.testng.reporters.JUnitReportReporter -->
<testsuite hostname="JYOTI797" failures="0" tests="5" name="com.hrm.tests.testingng" time="0.044" errors="0" timestamp="2023-08-27T15:49:43 IST" skipped="0">
  <testcase classname="com.hrm.tests.testingng" name="logoutTest" time="0.016"/>
  <testcase classname="com.hrm.tests.testingng" name="aheckCalendar" time="0.000"/>
  <testcase classname="com.hrm.tests.testingng" name="begisterTest" time="0.000"/>
  <testcase classname="com.hrm.tests.testingng" name="loginTest" time="0.013"/>
  <testcase classname="com.hrm.tests.testingng" name="aeetUp" time="0.015"/>
</testsuite> <!-- com.hrm.tests.testingng -->
