<?xml version="1.0" encoding="UTF-8"?>
<!-- Generated by org.testng.reporters.JUnitReportReporter -->
<testsuite hostname="JYOTI797" failures="0" tests="2" name="com.hrm.tests.Zxn" time="0.016" errors="0" timestamp="2023-08-23T18:22:33 IST" skipped="0">
  <testcase classname="com.hrm.tests.Zxn" name="test3" time="0.016"/>
  <testcase classname="com.hrm.tests.Zxn" name="test1" time="0.000"/>
</testsuite> <!-- com.hrm.tests.Zxn -->
